<?xml version="1.0" encoding="UTF-8"?>
<testsuite xmlns:xsi="http://www.w3.org/2001/XMLSchema-instance" xsi:noNamespaceSchemaLocation="https://maven.apache.org/surefire/maven-surefire-plugin/xsd/surefire-test-report-3.0.xsd" version="3.0" name="edu.eci.cvds.tdd.LibraryTest" time="0.074" tests="13" errors="0" skipped="0" failures="0">
  <properties>
    <property name="java.specification.version" value="17"/>
    <property name="sun.cpu.isalist" value="amd64"/>
    <property name="sun.jnu.encoding" value="Cp1252"/>
    <property name="java.class.path" value="C:\Users\Difga\Downloads\lab03-CVDS\Library\target\test-classes;C:\Users\Difga\Downloads\lab03-CVDS\Library\target\classes;C:\Users\Difga\.m2\repository\org\junit\jupiter\junit-jupiter\5.9.1\junit-jupiter-5.9.1.jar;C:\Users\Difga\.m2\repository\org\junit\jupiter\junit-jupiter-api\5.9.1\junit-jupiter-api-5.9.1.jar;C:\Users\Difga\.m2\repository\org\opentest4j\opentest4j\1.2.0\opentest4j-1.2.0.jar;C:\Users\Difga\.m2\repository\org\junit\platform\junit-platform-commons\1.9.1\junit-platform-commons-1.9.1.jar;C:\Users\Difga\.m2\repository\org\apiguardian\apiguardian-api\1.1.2\apiguardian-api-1.1.2.jar;C:\Users\Difga\.m2\repository\org\junit\jupiter\junit-jupiter-params\5.9.1\junit-jupiter-params-5.9.1.jar;C:\Users\Difga\.m2\repository\org\junit\jupiter\junit-jupiter-engine\5.9.1\junit-jupiter-engine-5.9.1.jar;C:\Users\Difga\.m2\repository\org\junit\platform\junit-platform-engine\1.9.1\junit-platform-engine-1.9.1.jar;"/>
    <property name="java.vm.vendor" value="Oracle Corporation"/>
    <property name="sun.arch.data.model" value="64"/>
    <property name="user.variant" value=""/>
    <property name="java.vendor.url" value="https://java.oracle.com/"/>
    <property name="user.timezone" value="America/Bogota"/>
    <property name="os.name" value="Windows 10"/>
    <property name="java.vm.specification.version" value="17"/>
    <property name="sun.java.launcher" value="SUN_STANDARD"/>
    <property name="user.country" value="CO"/>
    <property name="sun.boot.library.path" value="C:\Program Files\Java\jdk-17\bin"/>
    <property name="sun.java.command" value="C:\Users\Difga\AppData\Local\Temp\surefire14908244637560493028\surefirebooter-20250212220008309_3.jar C:\Users\Difga\AppData\Local\Temp\surefire14908244637560493028 2025-02-12T22-00-08_084-jvmRun1 surefire-20250212220008309_1tmp surefire_0-20250212220008309_2tmp"/>
    <property name="jdk.debug" value="release"/>
    <property name="surefire.test.class.path" value="C:\Users\Difga\Downloads\lab03-CVDS\Library\target\test-classes;C:\Users\Difga\Downloads\lab03-CVDS\Library\target\classes;C:\Users\Difga\.m2\repository\org\junit\jupiter\junit-jupiter\5.9.1\junit-jupiter-5.9.1.jar;C:\Users\Difga\.m2\repository\org\junit\jupiter\junit-jupiter-api\5.9.1\junit-jupiter-api-5.9.1.jar;C:\Users\Difga\.m2\repository\org\opentest4j\opentest4j\1.2.0\opentest4j-1.2.0.jar;C:\Users\Difga\.m2\repository\org\junit\platform\junit-platform-commons\1.9.1\junit-platform-commons-1.9.1.jar;C:\Users\Difga\.m2\repository\org\apiguardian\apiguardian-api\1.1.2\apiguardian-api-1.1.2.jar;C:\Users\Difga\.m2\repository\org\junit\jupiter\junit-jupiter-params\5.9.1\junit-jupiter-params-5.9.1.jar;C:\Users\Difga\.m2\repository\org\junit\jupiter\junit-jupiter-engine\5.9.1\junit-jupiter-engine-5.9.1.jar;C:\Users\Difga\.m2\repository\org\junit\platform\junit-platform-engine\1.9.1\junit-platform-engine-1.9.1.jar;"/>
    <property name="sun.cpu.endian" value="little"/>
    <property name="user.home" value="C:\Users\Difga"/>
    <property name="user.language" value="es"/>
    <property name="java.specification.vendor" value="Oracle Corporation"/>
    <property name="java.version.date" value="2024-07-16"/>
    <property name="java.home" value="C:\Program Files\Java\jdk-17"/>
    <property name="file.separator" value="\"/>
    <property name="basedir" value="C:\Users\Difga\Downloads\lab03-CVDS\Library"/>
    <property name="java.vm.compressedOopsMode" value="Zero based"/>
    <property name="line.separator" value="&#10;"/>
    <property name="java.vm.specification.vendor" value="Oracle Corporation"/>
    <property name="java.specification.name" value="Java Platform API Specification"/>
    <property name="surefire.real.class.path" value="C:\Users\Difga\AppData\Local\Temp\surefire14908244637560493028\surefirebooter-20250212220008309_3.jar"/>
    <property name="user.script" value=""/>
    <property name="sun.management.compiler" value="HotSpot 64-Bit Tiered Compilers"/>
    <property name="java.runtime.version" value="17.0.12+8-LTS-286"/>
    <property name="user.name" value="Difga"/>
    <property name="path.separator" value=";"/>
    <property name="os.version" value="10.0"/>
    <property name="java.runtime.name" value="Java(TM) SE Runtime Environment"/>
    <property name="file.encoding" value="Cp1252"/>
    <property name="java.vm.name" value="Java HotSpot(TM) 64-Bit Server VM"/>
    <property name="localRepository" value="C:\Users\Difga\.m2\repository"/>
    <property name="java.vendor.url.bug" value="https://bugreport.java.com/bugreport/"/>
    <property name="java.io.tmpdir" value="C:\Users\Difga\AppData\Local\Temp\"/>
    <property name="sonar.token" value="[sqa_9cad62b80728a68ce6eb55371a4ab3c0b5eb0304]"/>
    <property name="java.version" value="17.0.12"/>
    <property name="user.dir" value="C:\Users\Difga\Downloads\lab03-CVDS\Library"/>
    <property name="os.arch" value="amd64"/>
    <property name="java.vm.specification.name" value="Java Virtual Machine Specification"/>
    <property name="sun.os.patch.level" value=""/>
    <property name="native.encoding" value="Cp1252"/>
    <property name="java.library.path" value="C:\Program Files\Java\jdk-17\bin;C:\WINDOWS\Sun\Java\bin;C:\WINDOWS\system32;C:\WINDOWS;C:\Program Files\Common Files\Oracle\Java\javapath;C:\Program Files (x86)\VMware\VMware Player\bin\;C:\app\Difga\product\21c\dbhomeXE\bin;C:\WINDOWS\system32;C:\WINDOWS;C:\WINDOWS\System32\Wbem;C:\WINDOWS\System32\WindowsPowerShell\v1.0\;C:\WINDOWS\System32\OpenSSH\;C:\Program Files\NVIDIA Corporation\NVIDIA NvDLISR;C:\Program Files\dotnet\;C:\Program Files (x86)\NVIDIA Corporation\PhysX\Common;C:\Program Files\Git\cmd;C:\Program Files\GitHub CLI\;C:\workspace\apache-maven-3.9.9\bin;;C:\Program Files\Docker\Docker\resources\bin;C:\Users\Difga\AppData\Local\Microsoft\WindowsApps;;C:\Users\Difga\AppData\Local\Programs\Microsoft VS Code\bin;."/>
    <property name="java.vm.info" value="mixed mode, sharing"/>
    <property name="java.vendor" value="Oracle Corporation"/>
    <property name="java.vm.version" value="17.0.12+8-LTS-286"/>
    <property name="sun.io.unicode.encoding" value="UnicodeLittle"/>
    <property name="java.class.version" value="61.0"/>
  </properties>
  <testcase name="testLoanABookUserNotFound" classname="edu.eci.cvds.tdd.LibraryTest" time="0.009">
    <system-out><![CDATA[no hay usuraio
]]></system-out>
  </testcase>
  <testcase name="testLoanABookSuccess" classname="edu.eci.cvds.tdd.LibraryTest" time="0.017"/>
  <testcase name="shouldNotAddBookWhenProvidedBookIsNull" classname="edu.eci.cvds.tdd.LibraryTest" time="0.003"/>
  <testcase name="testLoanABookUserHasActiveLoan" classname="edu.eci.cvds.tdd.LibraryTest" time="0.002">
    <system-out><![CDATA[no hay usuraio
no hay usuraio
]]></system-out>
  </testcase>
  <testcase name="shouldReturnALoanAndItsReturnDateIsTheCurrentDate" classname="edu.eci.cvds.tdd.LibraryTest" time="0.004"/>
  <testcase name="shouldNotModifyBooksWhenNullBookIsAdded" classname="edu.eci.cvds.tdd.LibraryTest" time="0.002"/>
  <testcase name="shouldIncreaseBy1TheAmuntOfTheReturnedLibrary" classname="edu.eci.cvds.tdd.LibraryTest" time="0.002"/>
  <testcase name="testLoanABookBookNotFound" classname="edu.eci.cvds.tdd.LibraryTest" time="0.001"/>
  <testcase name="shouldReturnNullWhenLoanIsNull" classname="edu.eci.cvds.tdd.LibraryTest" time="0.001"/>
  <testcase name="shouldReturnNullWhenLoanDoesNotExist" classname="edu.eci.cvds.tdd.LibraryTest" time="0.001"/>
  <testcase name="shouldReturnALoanAndItsStatusIsReturned" classname="edu.eci.cvds.tdd.LibraryTest" time="0.002"/>
  <testcase name="testLoanABookBookNotAvailable" classname="edu.eci.cvds.tdd.LibraryTest" time="0.001"/>
  <testcase name="shouldAddNewBookSuccessfullyWhenValidBookIsProvided" classname="edu.eci.cvds.tdd.LibraryTest" time="0.001"/>
</testsuite>